dic. 11, 2021 5:36:24 P. M. dominio.Registro registre
SEVERE: java.lang.ClassNotFoundException: dominiou.BuffoSlow
java.lang.ClassNotFoundException: dominiou.BuffoSlow
	at java.base/jdk.internal.loader.BuiltinClassLoader.loadClass(BuiltinClassLoader.java:641)
	at java.base/jdk.internal.loader.ClassLoaders$AppClassLoader.loadClass(ClassLoaders.java:188)
	at java.base/java.lang.ClassLoader.loadClass(ClassLoader.java:520)
	at java.base/java.lang.Class.forName0(Native Method)
	at java.base/java.lang.Class.forName(Class.java:375)
	at dominio.POOBTriz.dropBuff(POOBTriz.java:116)
	at dominio.POOBTriz.moveDown(POOBTriz.java:68)
	at presentacion.PanelTetriz.refresque(PanelTetriz.java:67)
	at presentacion.PanelTetriz$1.actionPerformed(PanelTetriz.java:56)
	at java.desktop/javax.swing.Timer.fireActionPerformed(Timer.java:311)
	at java.desktop/javax.swing.Timer$DoPostEvent.run(Timer.java:243)
	at java.desktop/java.awt.event.InvocationEvent.dispatch(InvocationEvent.java:318)
	at java.desktop/java.awt.EventQueue.dispatchEventImpl(EventQueue.java:771)
	at java.desktop/java.awt.EventQueue$4.run(EventQueue.java:722)
	at java.desktop/java.awt.EventQueue$4.run(EventQueue.java:716)
	at java.base/java.security.AccessController.doPrivileged(AccessController.java:399)
	at java.base/java.security.ProtectionDomain$JavaSecurityAccessImpl.doIntersectionPrivilege(ProtectionDomain.java:86)
	at java.desktop/java.awt.EventQueue.dispatchEvent(EventQueue.java:741)
	at java.desktop/java.awt.EventDispatchThread.pumpOneEventForFilters(EventDispatchThread.java:203)
	at java.desktop/java.awt.EventDispatchThread.pumpEventsForFilter(EventDispatchThread.java:124)
	at java.desktop/java.awt.EventDispatchThread.pumpEventsForHierarchy(EventDispatchThread.java:113)
	at java.desktop/java.awt.EventDispatchThread.pumpEvents(EventDispatchThread.java:109)
	at java.desktop/java.awt.EventDispatchThread.pumpEvents(EventDispatchThread.java:101)
	at java.desktop/java.awt.EventDispatchThread.run(EventDispatchThread.java:90)

